0 verbose cli [
0 verbose cli   'C:\\Program Files\\nodejs\\node.exe',
0 verbose cli   'C:\\Users\\D E L L - P C\\AppData\\Roaming\\npm\\node_modules\\npm\\bin\\npm-cli.js',
0 verbose cli   'start'
0 verbose cli ]
1 info using npm@7.6.3
2 info using node@v14.15.1
3 timing config:load:defaults Completed in 2ms
4 timing config:load:file:C:\Users\D E L L - P C\AppData\Roaming\npm\node_modules\npm\npmrc Completed in 4ms
5 timing config:load:builtin Completed in 5ms
6 timing config:load:cli Completed in 2ms
7 timing config:load:env Completed in 1ms
8 timing config:load:project Completed in 2ms
9 timing config:load:file:C:\Users\D E L L - P C\.npmrc Completed in 1ms
10 timing config:load:user Completed in 1ms
11 timing config:load:file:C:\Users\D E L L - P C\AppData\Roaming\npm\etc\npmrc Completed in 1ms
12 timing config:load:global Completed in 1ms
13 timing config:load:cafile Completed in 0ms
14 timing config:load:validate Completed in 2ms
15 timing config:load:setUserAgent Completed in 1ms
16 timing config:load:setEnvs Completed in 1ms
17 timing config:load Completed in 18ms
18 verbose npm-session 94e81a1547d264b5
19 timing npm:load Completed in 29ms
20 timing command:run-script Completed in 1ms
21 timing command:start Completed in 7ms
22 verbose stack Error: ENOENT: no such file or directory, open 'C:\Users\D E L L - P C\package.json'
23 verbose cwd C:\Users\D E L L - P C\Batch68\Capstone-1new
24 verbose Windows_NT 10.0.18363
25 verbose argv "C:\\Program Files\\nodejs\\node.exe" "C:\\Users\\D E L L - P C\\AppData\\Roaming\\npm\\node_modules\\npm\\bin\\npm-cli.js" "start"
26 verbose node v14.15.1
27 verbose npm  v7.6.3
28 error code ENOENT
29 error syscall open
30 error path C:\Users\D E L L - P C/package.json
31 error errno -4058
32 error enoent ENOENT: no such file or directory, open 'C:\Users\D E L L - P C\package.json'
33 error enoent This is related to npm not being able to find a file.
34 verbose exit -4058
