0 verbose cli [
0 verbose cli   'C:\\Program Files\\nodejs\\node.exe',
0 verbose cli   'C:\\Users\\D E L L - P C\\AppData\\Roaming\\npm\\node_modules\\npm\\bin\\npm-cli.js',
0 verbose cli   'run'
0 verbose cli ]
1 info using npm@7.6.3
2 info using node@v14.15.1
3 timing config:load:defaults Completed in 2ms
4 timing config:load:file:C:\Users\D E L L - P C\AppData\Roaming\npm\node_modules\npm\npmrc Completed in 4ms
5 timing config:load:builtin Completed in 4ms
6 timing config:load:cli Completed in 1ms
7 timing config:load:env Completed in 1ms
8 timing config:load:project Completed in 0ms
9 timing config:load:file:C:\Users\D E L L - P C\.npmrc Completed in 1ms
10 timing config:load:user Completed in 1ms
11 timing config:load:file:C:\Users\D E L L - P C\AppData\Roaming\npm\etc\npmrc Completed in 1ms
12 timing config:load:global Completed in 1ms
13 timing config:load:cafile Completed in 0ms
14 timing config:load:validate Completed in 2ms
15 timing config:load:setUserAgent Completed in 0ms
16 timing config:load:setEnvs Completed in 1ms
17 timing config:load Completed in 14ms
18 verbose npm-session 7a89ab38e4f7fa6d
19 timing npm:load Completed in 24ms
20 timing command:run Completed in 0ms
21 verbose stack Error: ENOENT: no such file or directory, open 'C:\Users\D E L L - P C\package.json'
22 verbose cwd C:\Users\D E L L - P C\Batch68\Capstone-1new
23 verbose Windows_NT 10.0.18363
24 verbose argv "C:\\Program Files\\nodejs\\node.exe" "C:\\Users\\D E L L - P C\\AppData\\Roaming\\npm\\node_modules\\npm\\bin\\npm-cli.js" "run"
25 verbose node v14.15.1
26 verbose npm  v7.6.3
27 error code ENOENT
28 error syscall open
29 error path C:\Users\D E L L - P C/package.json
30 error errno -4058
31 error enoent ENOENT: no such file or directory, open 'C:\Users\D E L L - P C\package.json'
32 error enoent This is related to npm not being able to find a file.
33 verbose exit -4058
